\BOOKMARK [0][-]{chapter*.1}{\376\377\000A\000b\000s\000t\000r\000a\000c\000t}{}% 1
\BOOKMARK [0][-]{chapter*.2}{\376\377\000R\000i\000n\000g\000r\000a\000z\000i\000a\000m\000e\000n\000t\000i}{}% 2
\BOOKMARK [0][-]{chapter.1}{\376\377\000I\000n\000t\000r\000o\000d\000u\000z\000i\000o\000n\000e}{}% 3
\BOOKMARK [1][-]{section.1.1}{\376\377\000C\000o\000n\000t\000e\000s\000t\000o\000\040\000e\000\040\000m\000o\000t\000i\000v\000a\000z\000i\000o\000n\000i}{chapter.1}% 4
\BOOKMARK [2][-]{subsection.1.1.1}{\376\377\000L\000e\000\040\000c\000r\000i\000t\000i\000c\000i\000t\000\340\000\040\000e\000n\000e\000r\000g\000e\000t\000i\000c\000h\000e\000\040\000d\000e\000l\000l\000'\000e\000s\000e\000c\000u\000z\000i\000o\000n\000e\000\040\000a\000l\000l\000'\000e\000d\000g\000e}{section.1.1}% 5
\BOOKMARK [2][-]{subsection.1.1.2}{\376\377\000I\000l\000\040\000p\000r\000o\000b\000l\000e\000m\000a\000\040\000d\000e\000l\000l\000a\000\040\000g\000r\000a\000n\000u\000l\000a\000r\000i\000t\000\340\000\040\000n\000e\000l\000l\000a\000\040\000m\000i\000s\000u\000r\000a\000z\000i\000o\000n\000e\000\040\000e\000n\000e\000r\000g\000e\000t\000i\000c\000a}{section.1.1}% 6
\BOOKMARK [2][-]{subsection.1.1.3}{\376\377\000A\000p\000p\000r\000o\000x\000i\000m\000a\000t\000e\000\040\000C\000o\000m\000p\000u\000t\000i\000n\000g\000\040\000c\000o\000m\000e\000\040\000l\000e\000v\000a\000\040\000p\000e\000r\000\040\000l\000a\000\040\000r\000i\000d\000u\000z\000i\000o\000n\000e\000\040\000d\000e\000i\000\040\000c\000o\000n\000s\000u\000m\000i}{section.1.1}% 7
\BOOKMARK [2][-]{subsection.1.1.4}{\376\377\000V\000e\000r\000s\000o\000\040\000u\000n\000o\000\040\000s\000c\000h\000e\000d\000u\000l\000i\000n\000g\000\040\000e\000n\000e\000r\000g\000y\000-\000a\000w\000a\000r\000e\000\040\000c\000o\000n\000\040\000c\000o\000n\000s\000e\000n\000s\000o\000\040\000e\000s\000p\000l\000i\000c\000i\000t\000o}{section.1.1}% 8
\BOOKMARK [1][-]{section.1.2}{\376\377\000C\000o\000n\000t\000r\000i\000b\000u\000t\000i\000\040\000e\000\040\000o\000b\000i\000e\000t\000t\000i\000v\000i\000\040\000d\000e\000l\000l\000a\000\040\000t\000e\000s\000i}{chapter.1}% 9
\BOOKMARK [1][-]{section.1.3}{\376\377\000S\000t\000r\000u\000t\000t\000u\000r\000a\000\040\000d\000e\000l\000l\000a\000\040\000t\000e\000s\000i}{chapter.1}% 10
\BOOKMARK [0][-]{chapter.2}{\376\377\000S\000t\000a\000t\000o\000\040\000d\000e\000l\000l\040\031\000a\000r\000t\000e}{}% 11
\BOOKMARK [1][-]{section.2.1}{\376\377\000I\000l\000\040\000m\000o\000n\000i\000t\000o\000r\000a\000g\000g\000i\000o\000\040\000d\000e\000l\000l\040\031\000e\000n\000e\000r\000g\000i\000a\000\040\000s\000o\000f\000t\000w\000a\000r\000e}{chapter.2}% 12
\BOOKMARK [2][-]{subsection.2.1.1}{\376\377\000M\000i\000s\000u\000r\000a\000t\000o\000r\000i\000\040\000h\000a\000r\000d\000w\000a\000r\000e\000\040\000d\000e\000l\000\040\000c\000o\000n\000s\000u\000m\000o\000\040\000e\000n\000e\000r\000g\000e\000t\000i\000c\000o}{section.2.1}% 13
\BOOKMARK [2][-]{subsection.2.1.2}{\376\377\000M\000i\000s\000u\000r\000a\000t\000o\000r\000i\000\040\000s\000o\000f\000t\000w\000a\000r\000e\000\040\000e\000\040\000m\000o\000d\000e\000l\000l\000i\000\040\000d\000i\000\040\000s\000t\000i\000m\000a}{section.2.1}% 14
\BOOKMARK [1][-]{section.2.2}{\376\377\000E\000l\000a\000b\000o\000r\000a\000z\000i\000o\000n\000e\000\040\000s\000e\000r\000v\000e\000r\000l\000e\000s\000s\000\040\000s\000o\000s\000t\000e\000n\000i\000b\000i\000l\000e}{chapter.2}% 15
\BOOKMARK [2][-]{subsection.2.2.1}{\376\377\000S\000c\000h\000e\000d\000u\000l\000i\000n\000g\000\040\000e\000n\000e\000r\000g\000e\000t\000i\000c\000a\000m\000e\000n\000t\000e\000\040\000c\000o\000n\000s\000a\000p\000e\000v\000o\000l\000e\000\040\000n\000e\000l\000l\000e\000\040\000p\000i\000a\000t\000t\000a\000f\000o\000r\000m\000e\000\040\000F\000a\000a\000S}{section.2.2}% 16
\BOOKMARK [3][-]{subsubsection.2.2.1.1}{\376\377\000S\000c\000h\000e\000d\000u\000l\000i\000n\000g\000\040\000b\000a\000s\000a\000t\000o\000\040\000s\000u\000l\000l\000o\000\040\000s\000t\000a\000t\000o\000\040\000e\000n\000e\000r\000g\000e\000t\000i\000c\000o\000\040\000d\000e\000i\000\040\000n\000o\000d\000i}{subsection.2.2.1}% 17
\BOOKMARK [3][-]{subsubsection.2.2.1.2}{\376\377\000S\000c\000h\000e\000d\000u\000l\000i\000n\000g\000\040\000p\000e\000r\000\040\000c\000o\000n\000s\000o\000l\000i\000d\000a\000m\000e\000n\000t\000o\000\040\000e\000n\000e\000r\000g\000e\000t\000i\000c\000o\000\040\000c\000o\000n\000\040\000v\000i\000n\000c\000o\000l\000i\000\040\000d\000i\000\040\000d\000e\000a\000d\000l\000i\000n\000e}{subsection.2.2.1}% 18
\BOOKMARK [3][-]{subsubsection.2.2.1.3}{\376\377\000S\000c\000h\000e\000d\000u\000l\000i\000n\000g\000\040\000E\000n\000e\000r\000g\000y\000-\000A\000w\000a\000r\000e\000\040\000i\000n\000\040\000A\000m\000b\000i\000e\000n\000t\000i\000\040\000F\000a\000a\000S\000\040\000F\000e\000d\000e\000r\000a\000t\000i\000\040\000e\000d\000\040\000E\000t\000e\000r\000o\000g\000e\000n\000e\000i}{subsection.2.2.1}% 19
\BOOKMARK [2][-]{subsection.2.2.2}{\376\377\000P\000o\000w\000e\000r\000\040\000c\000a\000p\000p\000i\000n\000g\000\040\000c\000o\000m\000e\000\040\000t\000e\000c\000n\000i\000c\000a\000\040\000d\000i\000\040\000c\000o\000n\000t\000r\000o\000l\000l\000o\000\040\000e\000n\000e\000r\000g\000e\000t\000i\000c\000o}{section.2.2}% 20
\BOOKMARK [3][-]{subsubsection.2.2.2.1}{\376\377\000A\000p\000p\000l\000i\000c\000a\000b\000i\000l\000i\000t\000\340\000\040\000d\000e\000g\000l\000i\000\040\000a\000p\000p\000r\000o\000c\000c\000i\000\040\000t\000r\000a\000d\000i\000z\000i\000o\000n\000a\000l\000i\000\040\000n\000e\000l\000\040\000c\000o\000n\000t\000e\000s\000t\000o\000\040\000s\000e\000r\000v\000e\000r\000l\000e\000s\000s}{subsection.2.2.2}% 21
\BOOKMARK [3][-]{subsubsection.2.2.2.2}{\376\377\000I\000m\000p\000a\000t\000t\000o\000\040\000s\000u\000l\000l\000e\000\040\000p\000r\000e\000s\000t\000a\000z\000i\000o\000n\000i\000\040\000e\000\040\000a\000p\000p\000r\000o\000c\000c\000i\000\040\000a\000d\000a\000t\000t\000i\000v\000i}{subsection.2.2.2}% 22
\BOOKMARK [2][-]{subsection.2.2.3}{\376\377\000D\000i\000r\000e\000z\000i\000o\000n\000i\000\040\000e\000m\000e\000r\000g\000e\000n\000t\000i\000\040\000p\000e\000r\000\040\000l\000'\000e\000l\000a\000b\000o\000r\000a\000z\000i\000o\000n\000e\000\040\000s\000e\000r\000v\000e\000r\000l\000e\000s\000s\000\040\000s\000o\000s\000t\000e\000n\000i\000b\000i\000l\000e}{section.2.2}% 23
\BOOKMARK [1][-]{section.2.3}{\376\377\000I\000l\000\040\000p\000a\000r\000a\000d\000i\000g\000m\000a\000\040\000F\000a\000a\000S\000\040\000i\000n\000\040\000a\000m\000b\000i\000e\000n\000t\000i\000\040\000c\000l\000o\000u\000d\000-\000e\000d\000g\000e}{chapter.2}% 24
\BOOKMARK [2][-]{subsection.2.3.1}{\376\377\000L\000a\000\040\000p\000i\000a\000t\000t\000a\000f\000o\000r\000m\000a\000\040\000S\000e\000r\000v\000e\000r\000l\000e\000d\000g\000e}{section.2.3}% 25
\BOOKMARK [1][-]{section.2.4}{\376\377\000P\000o\000s\000i\000z\000i\000o\000n\000a\000m\000e\000n\000t\000o\000\040\000d\000e\000l\000\040\000c\000o\000n\000t\000r\000i\000b\000u\000t\000o}{chapter.2}% 26
\BOOKMARK [0][-]{chapter.3}{\376\377\000P\000r\000o\000g\000e\000t\000t\000a\000z\000i\000o\000n\000e\000\040\000e\000\040\000R\000e\000a\000l\000i\000z\000z\000a\000z\000i\000o\000n\000e}{}% 27
\BOOKMARK [1][-]{section.3.1}{\376\377\000I\000n\000t\000e\000g\000r\000a\000z\000i\000o\000n\000e\000\040\000d\000i\000\040\000K\000e\000p\000l\000e\000r\000\040\000p\000e\000r\000\040\000i\000l\000\040\000m\000o\000n\000i\000t\000o\000r\000a\000g\000g\000i\000o\000\040\000e\000n\000e\000r\000g\000e\000t\000i\000c\000o}{chapter.3}% 28
\BOOKMARK [2][-]{subsection.3.1.1}{\376\377\000F\000u\000n\000z\000i\000o\000n\000a\000m\000e\000n\000t\000o\000\040\000d\000i\000\040\000K\000e\000p\000l\000e\000r}{section.3.1}% 29
\BOOKMARK [2][-]{subsection.3.1.2}{\376\377\000I\000n\000f\000r\000a\000s\000t\000r\000u\000t\000t\000u\000r\000a\000\040\000d\000i\000\040\000s\000u\000p\000p\000o\000r\000t\000o}{section.3.1}% 30
\BOOKMARK [1][-]{section.3.2}{\376\377\000I\000l\000\040\000m\000o\000d\000e\000l\000l\000o\000\040\000d\000i\000\040\000f\000u\000n\000z\000i\000o\000n\000e\000\040\000l\000o\000g\000i\000c\000a\000\040\000c\000o\000n\000\040\000v\000a\000r\000i\000a\000n\000t\000i}{chapter.3}% 31
\BOOKMARK [2][-]{subsection.3.2.1}{\376\377\000S\000t\000r\000u\000t\000t\000u\000r\000a\000\040\000d\000e\000l\000l\000a\000\040\000f\000u\000n\000z\000i\000o\000n\000e\000\040\000e\000\040\000p\000r\000o\000f\000i\000l\000o\000\040\000e\000n\000e\000r\000g\000e\000t\000i\000c\000o}{section.3.2}% 32
\BOOKMARK [3][-]{subsubsection.3.2.1.1}{\376\377\000D\000e\000t\000e\000r\000m\000i\000n\000a\000z\000i\000o\000n\000e\000\040\000d\000e\000i\000\040\000p\000r\000o\000f\000i\000l\000i\000\040\000e\000n\000e\000r\000g\000e\000t\000i\000c\000i\000\040\000i\000n\000i\000z\000i\000a\000l\000i}{subsection.3.2.1}% 33
\BOOKMARK [2][-]{subsection.3.2.2}{\376\377\000I\000l\000\040\000m\000o\000d\000e\000l\000l\000o\000\040\000d\000i\000\040\000o\000u\000t\000p\000u\000t\000\040\000e\000\040\000l\000a\000\040\000c\000l\000a\000s\000s\000i\000f\000i\000c\000a\000z\000i\000o\000n\000e\000\040\000d\000e\000l\000l\000'\000a\000c\000c\000u\000r\000a\000t\000e\000z\000z\000a}{section.3.2}% 34
\BOOKMARK [2][-]{subsection.3.2.3}{\376\377\000R\000e\000g\000i\000s\000t\000r\000a\000z\000i\000o\000n\000e\000\040\000e\000\040\000i\000n\000d\000i\000c\000i\000z\000z\000a\000z\000i\000o\000n\000e\000\040\000d\000e\000l\000l\000e\000\040\000v\000a\000r\000i\000a\000n\000t\000i\000\040\000i\000n\000\040\000e\000t\000c\000d}{section.3.2}% 35
\BOOKMARK [3][-]{subsubsection.3.2.3.1}{\376\377\000C\000o\000n\000v\000e\000n\000z\000i\000o\000n\000e\000\040\000d\000i\000\040\000d\000e\000n\000o\000m\000i\000n\000a\000z\000i\000o\000n\000e}{subsection.3.2.3}% 36
\BOOKMARK [3][-]{subsubsection.3.2.3.2}{\376\377\000S\000t\000r\000u\000t\000t\000u\000r\000a\000\040\000d\000e\000l\000l\000e\000\040\000c\000h\000i\000a\000v\000i\000\040\000i\000n\000\040\000e\000t\000c\000d}{subsection.3.2.3}% 37
\BOOKMARK [1][-]{section.3.3}{\376\377\000M\000i\000s\000u\000r\000a\000z\000i\000o\000n\000e\000\040\000e\000\040\000a\000g\000g\000i\000o\000r\000n\000a\000m\000e\000n\000t\000o\000\040\000a\000d\000a\000t\000t\000i\000v\000o\000\040\000d\000e\000i\000\040\000p\000r\000o\000f\000i\000l\000i\000\040\000e\000n\000e\000r\000g\000e\000t\000i\000c\000i}{chapter.3}% 38
\BOOKMARK [2][-]{subsection.3.3.1}{\376\377\000T\000r\000a\000c\000c\000i\000a\000m\000e\000n\000t\000o\000\040\000d\000e\000i\000\040\000c\000o\000n\000t\000a\000i\000n\000e\000r\000\040\000e\000\040\000c\000o\000n\000t\000e\000g\000g\000i\000o\000\040\000d\000e\000l\000l\000e\000\040\000i\000n\000v\000o\000c\000a\000z\000i\000o\000n\000i}{section.3.3}% 39
\BOOKMARK [2][-]{subsection.3.3.2}{\376\377\000I\000l\000\040\000w\000o\000r\000k\000e\000r\000\040\000p\000e\000r\000i\000o\000d\000i\000c\000o\000\040\000d\000i\000\040\000r\000a\000c\000c\000o\000l\000t\000a}{section.3.3}% 40
\BOOKMARK [2][-]{subsection.3.3.3}{\376\377\000A\000t\000t\000r\000i\000b\000u\000z\000i\000o\000n\000e\000\040\000d\000e\000l\000l\000'\000e\000n\000e\000r\000g\000i\000a\000\040\000p\000e\000r\000\040\000i\000n\000v\000o\000c\000a\000z\000i\000o\000n\000e\000\040\000e\000\040\000g\000e\000s\000t\000i\000o\000n\000e\000\040\000d\000e\000l\000\040\000l\000a\000g}{section.3.3}% 41
\BOOKMARK [2][-]{subsection.3.3.4}{\376\377\000A\000g\000g\000i\000o\000r\000n\000a\000m\000e\000n\000t\000o\000\040\000d\000e\000l\000\040\000p\000r\000o\000f\000i\000l\000o\000\040\000t\000r\000a\000m\000i\000t\000e\000\040\000m\000e\000d\000i\000a\000\040\000m\000o\000b\000i\000l\000e\000\040\000e\000s\000p\000o\000n\000e\000n\000z\000i\000a\000l\000e}{section.3.3}% 42
\BOOKMARK [2][-]{subsection.3.3.5}{\376\377\000A\000r\000c\000h\000i\000v\000i\000a\000z\000i\000o\000n\000e\000\040\000s\000u\000\040\000I\000n\000f\000l\000u\000x\000D\000B}{section.3.3}% 43
\BOOKMARK [1][-]{section.3.4}{\376\377\000L\000o\000\040\000s\000c\000h\000e\000d\000u\000l\000e\000r\000\040\000e\000n\000e\000r\000g\000y\000-\000a\000w\000a\000r\000e}{chapter.3}% 44
\BOOKMARK [2][-]{subsection.3.4.1}{\376\377\000I\000l\000\040\000c\000o\000n\000s\000e\000n\000s\000o\000\040\000e\000s\000p\000l\000i\000c\000i\000t\000o\000\040\000d\000e\000l\000l\000'\000u\000t\000e\000n\000t\000e}{section.3.4}% 45
\BOOKMARK [2][-]{subsection.3.4.2}{\376\377\000S\000e\000l\000e\000z\000i\000o\000n\000e\000\040\000p\000e\000r\000\040\000e\000r\000r\000o\000r\000e\000\040\000m\000i\000n\000i\000m\000o}{section.3.4}% 46
\BOOKMARK [2][-]{subsection.3.4.3}{\376\377\000S\000e\000l\000e\000z\000i\000o\000n\000e\000\040\000c\000o\000n\000\040\000v\000i\000n\000c\000o\000l\000o\000\040\000e\000n\000e\000r\000g\000e\000t\000i\000c\000o}{section.3.4}% 47
\BOOKMARK [0][-]{chapter.4}{\376\377\000R\000i\000s\000u\000l\000t\000a\000t\000i\000\040\000S\000p\000e\000r\000i\000m\000e\000n\000t\000a\000l\000i}{}% 48
\BOOKMARK [0][-]{chapter.5}{\376\377\000C\000o\000n\000c\000l\000u\000s\000i\000o\000n\000i}{}% 49
\BOOKMARK [0][-]{chapter.5}{\376\377\000E\000l\000e\000n\000c\000o\000\040\000d\000e\000l\000l\000e\000\040\000f\000i\000g\000u\000r\000e}{}% 50
\BOOKMARK [0][-]{chapter.5}{\376\377\000E\000l\000e\000n\000c\000o\000\040\000d\000e\000i\000\040\000c\000o\000d\000i\000c\000i}{}% 51
\BOOKMARK [0][-]{chapter*.3}{\376\377\000E\000l\000e\000n\000c\000o\000\040\000d\000e\000g\000l\000i\000\040\000a\000l\000g\000o\000r\000i\000t\000m\000i}{}% 52
